<testsuites id="" name="" tests="20" failures="8" skipped="0" errors="0" time="108.160828">
<testsuite name="product-navigation.spec.ts" timestamp="2025-06-29T21:59:04.233Z" hostname="chromium" tests="4" failures="2" skipped="0" time="74.546" errors="0">
<testcase name="Product Navigation › should navigate from product card to product details" classname="product-navigation.spec.ts" time="15.093">
<failure message="product-navigation.spec.ts:4:7 should navigate from product card to product details" type="FAILURE">
<![CDATA[  [chromium] › product-navigation.spec.ts:4:7 › Product Navigation › should navigate from product card to product details 

    Error: expect(received).toBeFalsy()

    Received: true

      41 |     // Verificar que no hay errores de JavaScript críticos
      42 |     const hasJSError = pageContent.includes('Error') && pageContent.includes('500');
    > 43 |     expect(hasJSError).toBeFalsy();
         |                        ^
      44 |     
      45 |     console.log('✅ Navigation test completed successfully');
      46 |   });
        at C:\Users\marti\Desktop\DESARROLLOSW\BOILERPLATTE E-COMMERCE\e2e\product-navigation.spec.ts:43:24

    attachment #1: screenshot (image/png) ──────────────────────────────────────────────────────────
    test-results\product-navigation-Product-3fbcc-uct-card-to-product-details-chromium\test-failed-1.png
    ────────────────────────────────────────────────────────────────────────────────────────────────

    attachment #2: video (video/webm) ──────────────────────────────────────────────────────────────
    test-results\product-navigation-Product-3fbcc-uct-card-to-product-details-chromium\video.webm
    ────────────────────────────────────────────────────────────────────────────────────────────────

    Error Context: ..\test-results\product-navigation-Product-3fbcc-uct-card-to-product-details-chromium\error-context.md
]]>
</failure>
<system-out>
<![CDATA[Product name: Lija al Agua Grano 80
Product link: /shop-details/89

[[ATTACHMENT|product-navigation-Product-3fbcc-uct-card-to-product-details-chromium\test-failed-1.png]]

[[ATTACHMENT|product-navigation-Product-3fbcc-uct-card-to-product-details-chromium\video.webm]]

[[ATTACHMENT|product-navigation-Product-3fbcc-uct-card-to-product-details-chromium\error-context.md]]
]]>
</system-out>
</testcase>
<testcase name="Product Navigation › should handle product details page loading states" classname="product-navigation.spec.ts" time="13.806">
<system-out>
<![CDATA[✅ Product details page loading test completed
]]>
</system-out>
</testcase>
<testcase name="Product Navigation › should show placeholder images correctly" classname="product-navigation.spec.ts" time="31.343">
<failure message="product-navigation.spec.ts:73:7 should show placeholder images correctly" type="FAILURE">
<![CDATA[  [chromium] › product-navigation.spec.ts:73:7 › Product Navigation › should show placeholder images correctly 

    Test timeout of 30000ms exceeded.

    Error: page.waitForSelector: Test timeout of 30000ms exceeded.
    Call log:
      - waiting for locator('[data-testid="product-card"]') to be visible


      76 |     
      77 |     // Esperar a que los productos se carguen
    > 78 |     await page.waitForSelector('[data-testid="product-card"]', { timeout: 30000 });
         |                ^
      79 |     
      80 |     // Verificar que no hay errores 404 para placeholder-bg.jpg
      81 |     const response404Count = await page.evaluate(() => {
        at C:\Users\marti\Desktop\DESARROLLOSW\BOILERPLATTE E-COMMERCE\e2e\product-navigation.spec.ts:78:16

    attachment #1: screenshot (image/png) ──────────────────────────────────────────────────────────
    test-results\product-navigation-Product-0a44e-laceholder-images-correctly-chromium\test-failed-1.png
    ────────────────────────────────────────────────────────────────────────────────────────────────

    attachment #2: video (video/webm) ──────────────────────────────────────────────────────────────
    test-results\product-navigation-Product-0a44e-laceholder-images-correctly-chromium\video.webm
    ────────────────────────────────────────────────────────────────────────────────────────────────
]]>
</failure>
<system-out>
<![CDATA[
[[ATTACHMENT|product-navigation-Product-0a44e-laceholder-images-correctly-chromium\test-failed-1.png]]

[[ATTACHMENT|product-navigation-Product-0a44e-laceholder-images-correctly-chromium\video.webm]]
]]>
</system-out>
</testcase>
<testcase name="Product Navigation › should have working API endpoints" classname="product-navigation.spec.ts" time="14.304">
<system-out>
<![CDATA[✅ API endpoints test completed
]]>
</system-out>
</testcase>
</testsuite>
<testsuite name="product-navigation.spec.ts" timestamp="2025-06-29T21:59:04.233Z" hostname="firefox" tests="4" failures="1" skipped="0" time="99.185" errors="0">
<testcase name="Product Navigation › should navigate from product card to product details" classname="product-navigation.spec.ts" time="60.017">
<failure message="product-navigation.spec.ts:4:7 should navigate from product card to product details" type="FAILURE">
<![CDATA[  [firefox] › product-navigation.spec.ts:4:7 › Product Navigation › should navigate from product card to product details 

    Test timeout of 30000ms exceeded.

    TimeoutError: page.waitForSelector: Timeout 30000ms exceeded.
    Call log:
      - waiting for locator('[data-testid="product-card"]') to be visible


       7 |     
       8 |     // Esperar a que los productos se carguen
    >  9 |     await page.waitForSelector('[data-testid="product-card"]', { timeout: 30000 });
         |                ^
      10 |     
      11 |     // Obtener el primer producto
      12 |     const firstProduct = page.locator('[data-testid="product-card"]').first();
        at C:\Users\marti\Desktop\DESARROLLOSW\BOILERPLATTE E-COMMERCE\e2e\product-navigation.spec.ts:9:16

    Tearing down "context" exceeded the test timeout of 30000ms.

    Error: browserContext._wrapApiCall: Test timeout of 30000ms exceeded.
    Browser logs:

    <launching> C:\Users\marti\AppData\Local\ms-playwright\firefox-1487\firefox\firefox.exe -no-remote -wait-for-browser -foreground -profile C:\Users\marti\AppData\Local\Temp\playwright_firefoxdev_profile-RxK94Q -juggler-pipe -silent
    <launched> pid=52780
    [pid=52780][err] JavaScript warning: resource://services-settings/Utils.sys.mjs, line 116: unreachable code after return statement
    [pid=52780][out] console.warn: services.settings: Ignoring preference override of remote settings server
    [pid=52780][out] console.warn: services.settings: Allow by setting MOZ_REMOTE_SETTINGS_DEVTOOLS=1 in the environment
    [pid=52780][out] 
    [pid=52780][out] Juggler listening to the pipe
    [pid=52780][out] console.error: "Warning: unrecognized command line flag" "-wait-for-browser"
    [pid=52780][err] JavaScript error: chrome://juggler/content/Helper.js, line 82: NS_ERROR_FAILURE: Component returned failure code: 0x80004005 (NS_ERROR_FAILURE) [nsIWebProgress.removeProgressListener]
    [pid=52780][out] console.error: SearchEngineSelector: "Received empty search configuration!"
    [pid=52780][out] console.error: "Received empty top sites configuration!"
    [pid=52780][out] console.error: SearchEngineSelector: "Received empty search configuration!"
    [pid=52780][out] console.error: SearchService: "#init: failure initializing search:" [Exception... "Failed to get engine data from Remote Settings"  nsresult: "0x8000ffff (NS_ERROR_UNEXPECTED)"  location: "JS frame :: resource://gre/modules/SearchEngineSelector.sys.mjs :: getEngineConfiguration :: line 100"  data: no]
    [pid=52780][out] console.error: WebExtensions: 
    [pid=52780][out]   Message: [Exception... "Failed to get engine data from Remote Settings"  nsresult: "0x8000ffff (NS_ERROR_UNEXPECTED)"  location: "JS frame :: resource://gre/modules/SearchEngineSelector.sys.mjs :: getEngineConfiguration :: line 100"  data: no]
    [pid=52780][out]   Stack:
    [pid=52780][out]     getEngineConfiguration@resource://gre/modules/SearchEngineSelector.sys.mjs:100:24
    [pid=52780][out] 
    [pid=52780][out] console.error: "Received empty top sites configuration!"
    [pid=52780][err] JavaScript error: resource://gre/modules/SearchEngineSelector.sys.mjs, line 100: NS_ERROR_UNEXPECTED: Failed to get engine data from Remote Settings
    [pid=52780][err] JavaScript error: resource://gre/modules/SearchEngineSelector.sys.mjs, line 100: NS_ERROR_UNEXPECTED: Failed to get engine data from Remote Settings
    [pid=52780][err] JavaScript error: resource://gre/modules/SearchEngineSelector.sys.mjs, line 100: NS_ERROR_UNEXPECTED: Failed to get engine data from Remote Settings
    [pid=52780][err] JavaScript error: resource://gre/modules/SearchEngineSelector.sys.mjs, line 100: NS_ERROR_UNEXPECTED: Failed to get engine data from Remote Settings
    [pid=52780][out] console.error: SearchSettings: "_write: Could not write to settings file:" (new Error("cannot write without any engine.", "resource://gre/modules/SearchSettings.sys.mjs", 328))
    [pid=52780][out] console.error: URLBar - Provider.UrlbarProviderSearchTips: [Exception... "Failed to get engine data from Remote Settings"  nsresult: "0x8000ffff (NS_ERROR_UNEXPECTED)"  location: "JS frame :: resource://gre/modules/SearchEngineSelector.sys.mjs :: getEngineConfiguration :: line 100"  data: no]
    [pid=52780][err] JavaScript error: http://localhost:3000/_next/static/chunks/app/layout.js, line 2726: SyntaxError: "" literal not terminated before end of script
    [pid=52780][err] JavaScript error: chrome://juggler/content/content/Runtime.js, line 167: TypeError: message.stack is null
    [pid=52780][err] JavaScript warning: resource://gre/modules/UpdateService.sys.mjs, line 3878: unreachable code after return statement
    [pid=52780] <gracefully close start>
    [pid=52780] <kill>
    [pid=52780] <will force kill>
    [pid=52780] taskkill stdout: CORRECTO: el proceso con PID 46856 (proceso secundario de PID 52780)
    ha sido terminado.
    CORRECTO: el proceso con PID 46220 (proceso secundario de PID 52780)
    ha sido terminado.
    CORRECTO: el proceso con PID 44368 (proceso secundario de PID 52780)
    ha sido terminado.
    CORRECTO: el proceso con PID 43088 (proceso secundario de PID 52780)
    ha sido terminado.
    CORRECTO: el proceso con PID 43568 (proceso secundario de PID 52780)
    ha sido terminado.
    CORRECTO: el proceso con PID 44260 (proceso secundario de PID 52780)
    ha sido terminado.
    CORRECTO: el proceso con PID 52780 (proceso secundario de PID 51968)
    ha sido terminado.


    attachment #1: screenshot (image/png) ──────────────────────────────────────────────────────────
    test-results\product-navigation-Product-3fbcc-uct-card-to-product-details-firefox\test-failed-1.png
    ────────────────────────────────────────────────────────────────────────────────────────────────
]]>
</failure>
<system-out>
<![CDATA[
[[ATTACHMENT|product-navigation-Product-3fbcc-uct-card-to-product-details-firefox\test-failed-1.png]]
]]>
</system-out>
</testcase>
<testcase name="Product Navigation › should handle product details page loading states" classname="product-navigation.spec.ts" time="11.925">
<system-out>
<![CDATA[✅ Product details page loading test completed
]]>
</system-out>
</testcase>
<testcase name="Product Navigation › should show placeholder images correctly" classname="product-navigation.spec.ts" time="15.858">
<system-out>
<![CDATA[✅ Placeholder images test completed
]]>
</system-out>
</testcase>
<testcase name="Product Navigation › should have working API endpoints" classname="product-navigation.spec.ts" time="11.385">
<system-out>
<![CDATA[✅ API endpoints test completed
]]>
</system-out>
</testcase>
</testsuite>
<testsuite name="product-navigation.spec.ts" timestamp="2025-06-29T21:59:04.233Z" hostname="webkit" tests="4" failures="2" skipped="0" time="64.807" errors="0">
<testcase name="Product Navigation › should navigate from product card to product details" classname="product-navigation.spec.ts" time="30.155">
<failure message="product-navigation.spec.ts:4:7 should navigate from product card to product details" type="FAILURE">
<![CDATA[  [webkit] › product-navigation.spec.ts:4:7 › Product Navigation › should navigate from product card to product details 

    Test timeout of 30000ms exceeded.

    Error: page.waitForSelector: Test timeout of 30000ms exceeded.
    Call log:
      - waiting for locator('[data-testid="product-card"]') to be visible


       7 |     
       8 |     // Esperar a que los productos se carguen
    >  9 |     await page.waitForSelector('[data-testid="product-card"]', { timeout: 30000 });
         |                ^
      10 |     
      11 |     // Obtener el primer producto
      12 |     const firstProduct = page.locator('[data-testid="product-card"]').first();
        at C:\Users\marti\Desktop\DESARROLLOSW\BOILERPLATTE E-COMMERCE\e2e\product-navigation.spec.ts:9:16

    attachment #1: screenshot (image/png) ──────────────────────────────────────────────────────────
    test-results\product-navigation-Product-3fbcc-uct-card-to-product-details-webkit\test-failed-1.png
    ────────────────────────────────────────────────────────────────────────────────────────────────

    attachment #2: video (video/webm) ──────────────────────────────────────────────────────────────
    test-results\product-navigation-Product-3fbcc-uct-card-to-product-details-webkit\video.webm
    ────────────────────────────────────────────────────────────────────────────────────────────────
]]>
</failure>
<system-out>
<![CDATA[
[[ATTACHMENT|product-navigation-Product-3fbcc-uct-card-to-product-details-webkit\test-failed-1.png]]

[[ATTACHMENT|product-navigation-Product-3fbcc-uct-card-to-product-details-webkit\video.webm]]
]]>
</system-out>
</testcase>
<testcase name="Product Navigation › should handle product details page loading states" classname="product-navigation.spec.ts" time="2.691">
<system-out>
<![CDATA[✅ Product details page loading test completed
]]>
</system-out>
</testcase>
<testcase name="Product Navigation › should show placeholder images correctly" classname="product-navigation.spec.ts" time="30.174">
<failure message="product-navigation.spec.ts:73:7 should show placeholder images correctly" type="FAILURE">
<![CDATA[  [webkit] › product-navigation.spec.ts:73:7 › Product Navigation › should show placeholder images correctly 

    Test timeout of 30000ms exceeded.

    Error: page.waitForSelector: Test timeout of 30000ms exceeded.
    Call log:
      - waiting for locator('[data-testid="product-card"]') to be visible


      76 |     
      77 |     // Esperar a que los productos se carguen
    > 78 |     await page.waitForSelector('[data-testid="product-card"]', { timeout: 30000 });
         |                ^
      79 |     
      80 |     // Verificar que no hay errores 404 para placeholder-bg.jpg
      81 |     const response404Count = await page.evaluate(() => {
        at C:\Users\marti\Desktop\DESARROLLOSW\BOILERPLATTE E-COMMERCE\e2e\product-navigation.spec.ts:78:16

    attachment #1: screenshot (image/png) ──────────────────────────────────────────────────────────
    test-results\product-navigation-Product-0a44e-laceholder-images-correctly-webkit\test-failed-1.png
    ────────────────────────────────────────────────────────────────────────────────────────────────

    attachment #2: video (video/webm) ──────────────────────────────────────────────────────────────
    test-results\product-navigation-Product-0a44e-laceholder-images-correctly-webkit\video.webm
    ────────────────────────────────────────────────────────────────────────────────────────────────
]]>
</failure>
<system-out>
<![CDATA[
[[ATTACHMENT|product-navigation-Product-0a44e-laceholder-images-correctly-webkit\test-failed-1.png]]

[[ATTACHMENT|product-navigation-Product-0a44e-laceholder-images-correctly-webkit\video.webm]]
]]>
</system-out>
</testcase>
<testcase name="Product Navigation › should have working API endpoints" classname="product-navigation.spec.ts" time="1.787">
<system-out>
<![CDATA[✅ API endpoints test completed
]]>
</system-out>
</testcase>
</testsuite>
<testsuite name="product-navigation.spec.ts" timestamp="2025-06-29T21:59:04.233Z" hostname="Mobile Chrome" tests="4" failures="1" skipped="0" time="18.599" errors="0">
<testcase name="Product Navigation › should navigate from product card to product details" classname="product-navigation.spec.ts" time="6.929">
<failure message="product-navigation.spec.ts:4:7 should navigate from product card to product details" type="FAILURE">
<![CDATA[  [Mobile Chrome] › product-navigation.spec.ts:4:7 › Product Navigation › should navigate from product card to product details 

    Error: expect(received).toBeFalsy()

    Received: true

      41 |     // Verificar que no hay errores de JavaScript críticos
      42 |     const hasJSError = pageContent.includes('Error') && pageContent.includes('500');
    > 43 |     expect(hasJSError).toBeFalsy();
         |                        ^
      44 |     
      45 |     console.log('✅ Navigation test completed successfully');
      46 |   });
        at C:\Users\marti\Desktop\DESARROLLOSW\BOILERPLATTE E-COMMERCE\e2e\product-navigation.spec.ts:43:24

    attachment #1: screenshot (image/png) ──────────────────────────────────────────────────────────
    test-results\product-navigation-Product-3fbcc-uct-card-to-product-details-Mobile-Chrome\test-failed-1.png
    ────────────────────────────────────────────────────────────────────────────────────────────────

    attachment #2: video (video/webm) ──────────────────────────────────────────────────────────────
    test-results\product-navigation-Product-3fbcc-uct-card-to-product-details-Mobile-Chrome\video.webm
    ────────────────────────────────────────────────────────────────────────────────────────────────

    Error Context: ..\test-results\product-navigation-Product-3fbcc-uct-card-to-product-details-Mobile-Chrome\error-context.md
]]>
</failure>
<system-out>
<![CDATA[Product name: Bandeja Chata para Pintura
Product link: /shop-details/92

[[ATTACHMENT|product-navigation-Product-3fbcc-uct-card-to-product-details-Mobile-Chrome\test-failed-1.png]]

[[ATTACHMENT|product-navigation-Product-3fbcc-uct-card-to-product-details-Mobile-Chrome\video.webm]]

[[ATTACHMENT|product-navigation-Product-3fbcc-uct-card-to-product-details-Mobile-Chrome\error-context.md]]
]]>
</system-out>
</testcase>
<testcase name="Product Navigation › should handle product details page loading states" classname="product-navigation.spec.ts" time="6.627">
<system-out>
<![CDATA[✅ Product details page loading test completed
]]>
</system-out>
</testcase>
<testcase name="Product Navigation › should show placeholder images correctly" classname="product-navigation.spec.ts" time="3.949">
<system-out>
<![CDATA[✅ Placeholder images test completed
]]>
</system-out>
</testcase>
<testcase name="Product Navigation › should have working API endpoints" classname="product-navigation.spec.ts" time="1.094">
<system-out>
<![CDATA[✅ API endpoints test completed
]]>
</system-out>
</testcase>
</testsuite>
<testsuite name="product-navigation.spec.ts" timestamp="2025-06-29T21:59:04.233Z" hostname="Mobile Safari" tests="4" failures="2" skipped="0" time="62.545" errors="0">
<testcase name="Product Navigation › should navigate from product card to product details" classname="product-navigation.spec.ts" time="30.125">
<failure message="product-navigation.spec.ts:4:7 should navigate from product card to product details" type="FAILURE">
<![CDATA[  [Mobile Safari] › product-navigation.spec.ts:4:7 › Product Navigation › should navigate from product card to product details 

    Test timeout of 30000ms exceeded.

    Error: page.waitForSelector: Test timeout of 30000ms exceeded.
    Call log:
      - waiting for locator('[data-testid="product-card"]') to be visible


       7 |     
       8 |     // Esperar a que los productos se carguen
    >  9 |     await page.waitForSelector('[data-testid="product-card"]', { timeout: 30000 });
         |                ^
      10 |     
      11 |     // Obtener el primer producto
      12 |     const firstProduct = page.locator('[data-testid="product-card"]').first();
        at C:\Users\marti\Desktop\DESARROLLOSW\BOILERPLATTE E-COMMERCE\e2e\product-navigation.spec.ts:9:16

    attachment #1: screenshot (image/png) ──────────────────────────────────────────────────────────
    test-results\product-navigation-Product-3fbcc-uct-card-to-product-details-Mobile-Safari\test-failed-1.png
    ────────────────────────────────────────────────────────────────────────────────────────────────

    attachment #2: video (video/webm) ──────────────────────────────────────────────────────────────
    test-results\product-navigation-Product-3fbcc-uct-card-to-product-details-Mobile-Safari\video.webm
    ────────────────────────────────────────────────────────────────────────────────────────────────
]]>
</failure>
<system-out>
<![CDATA[
[[ATTACHMENT|product-navigation-Product-3fbcc-uct-card-to-product-details-Mobile-Safari\test-failed-1.png]]

[[ATTACHMENT|product-navigation-Product-3fbcc-uct-card-to-product-details-Mobile-Safari\video.webm]]
]]>
</system-out>
</testcase>
<testcase name="Product Navigation › should handle product details page loading states" classname="product-navigation.spec.ts" time="1.483">
<system-out>
<![CDATA[✅ Product details page loading test completed
]]>
</system-out>
</testcase>
<testcase name="Product Navigation › should show placeholder images correctly" classname="product-navigation.spec.ts" time="30.115">
<failure message="product-navigation.spec.ts:73:7 should show placeholder images correctly" type="FAILURE">
<![CDATA[  [Mobile Safari] › product-navigation.spec.ts:73:7 › Product Navigation › should show placeholder images correctly 

    Test timeout of 30000ms exceeded.

    Error: page.waitForSelector: Test timeout of 30000ms exceeded.
    Call log:
      - waiting for locator('[data-testid="product-card"]') to be visible


      76 |     
      77 |     // Esperar a que los productos se carguen
    > 78 |     await page.waitForSelector('[data-testid="product-card"]', { timeout: 30000 });
         |                ^
      79 |     
      80 |     // Verificar que no hay errores 404 para placeholder-bg.jpg
      81 |     const response404Count = await page.evaluate(() => {
        at C:\Users\marti\Desktop\DESARROLLOSW\BOILERPLATTE E-COMMERCE\e2e\product-navigation.spec.ts:78:16

    attachment #1: screenshot (image/png) ──────────────────────────────────────────────────────────
    test-results\product-navigation-Product-0a44e-laceholder-images-correctly-Mobile-Safari\test-failed-1.png
    ────────────────────────────────────────────────────────────────────────────────────────────────

    attachment #2: video (video/webm) ──────────────────────────────────────────────────────────────
    test-results\product-navigation-Product-0a44e-laceholder-images-correctly-Mobile-Safari\video.webm
    ────────────────────────────────────────────────────────────────────────────────────────────────
]]>
</failure>
<system-out>
<![CDATA[
[[ATTACHMENT|product-navigation-Product-0a44e-laceholder-images-correctly-Mobile-Safari\test-failed-1.png]]

[[ATTACHMENT|product-navigation-Product-0a44e-laceholder-images-correctly-Mobile-Safari\video.webm]]
]]>
</system-out>
</testcase>
<testcase name="Product Navigation › should have working API endpoints" classname="product-navigation.spec.ts" time="0.822">
<system-out>
<![CDATA[✅ API endpoints test completed
]]>
</system-out>
</testcase>
</testsuite>
</testsuites>